<?xml version="1.0" encoding="UTF-8"?>
<!-- Generated by org.testng.reporters.JUnitXMLReporter -->
<testsuite hostname="Marii-PC" ignored="0" name="Test" tests="5" failures="2" timestamp="30 Apr 2021 16:40:51 GMT" time="0.125" errors="0">
  <testcase name="tc1" time="0.031" classname="org.faild.TestClass">
    <failure type="java.lang.AssertionError" message="expected [true] but found [false]">
      <![CDATA[java.lang.AssertionError: expected [true] but found [false]
at org.faild.TestClass.tc1(TestClass.java:10)
... Removed 29 stack frames]]>
    </failure>
  </testcase> <!-- tc1 -->
  <testcase name="tc2" time="0.0" classname="org.faild.TestClass"/>
  <testcase name="tc3" time="0.0" classname="org.faild.TestClass">
    <failure type="java.lang.AssertionError" message="expected [true] but found [false]">
      <![CDATA[java.lang.AssertionError: expected [true] but found [false]
at org.faild.TestClass.tc3(TestClass.java:21)
... Removed 29 stack frames]]>
    </failure>
  </testcase> <!-- tc3 -->
  <testcase name="tc4" time="0.0" classname="org.faild.TestClass"/>
  <testcase name="tc5" time="0.0" classname="org.faild.TestClass"/>
</testsuite> <!-- Test -->
