<?xml version="1.0" encoding="UTF-8"?>
<testng-results skipped="0" failed="0" ignored="0" total="2" passed="2">
  <reporter-output>
  </reporter-output>
  <suite name="Default suite" duration-ms="29549" started-at="2021-05-01T07:53:58Z" finished-at="2021-05-01T07:54:28Z">
    <groups>
    </groups>
    <test name="Default test" duration-ms="29549" started-at="2021-05-01T07:53:58Z" finished-at="2021-05-01T07:54:28Z">
      <class name="org.testreport.Test1">
        <test-method status="PASS" signature="beforesuite()[pri:0, instance:org.testreport.Test1@19c0f4a]" name="beforesuite" is-config="true" duration-ms="1247" started-at="2021-05-01T07:53:57Z" finished-at="2021-05-01T07:53:58Z">
          <reporter-output>
          </reporter-output>
        </test-method> <!-- beforesuite -->
        <test-method status="PASS" signature="beforeClass()[pri:0, instance:org.testreport.Test1@19c0f4a]" name="beforeClass" is-config="true" duration-ms="22490" started-at="2021-05-01T07:53:58Z" finished-at="2021-05-01T07:54:21Z">
          <reporter-output>
          </reporter-output>
        </test-method> <!-- beforeClass -->
        <test-method status="PASS" signature="tc0()[pri:0, instance:org.testreport.Test1@19c0f4a]" name="tc0" duration-ms="1789" started-at="2021-05-01T07:54:21Z" finished-at="2021-05-01T07:54:22Z">
          <reporter-output>
          </reporter-output>
        </test-method> <!-- tc0 -->
        <test-method status="PASS" signature="tc1()[pri:0, instance:org.testreport.Test1@19c0f4a]" name="tc1" duration-ms="1472" started-at="2021-05-01T07:54:22Z" finished-at="2021-05-01T07:54:24Z">
          <reporter-output>
          </reporter-output>
        </test-method> <!-- tc1 -->
        <test-method status="PASS" signature="afterClass()[pri:0, instance:org.testreport.Test1@19c0f4a]" name="afterClass" is-config="true" duration-ms="3731" started-at="2021-05-01T07:54:24Z" finished-at="2021-05-01T07:54:28Z">
          <reporter-output>
          </reporter-output>
        </test-method> <!-- afterClass -->
        <test-method status="PASS" signature="afterSuite()[pri:0, instance:org.testreport.Test1@19c0f4a]" name="afterSuite" is-config="true" duration-ms="6122" started-at="2021-05-01T07:54:28Z" finished-at="2021-05-01T07:54:34Z">
          <reporter-output>
          </reporter-output>
        </test-method> <!-- afterSuite -->
      </class> <!-- org.testreport.Test1 -->
    </test> <!-- Default test -->
  </suite> <!-- Default suite -->
</testng-results>
